Reading netlist file: "/home/liupeice/Desktop/linux-on-litex-vexriscv/build/sipeed_tang_primer_20k/gateware/impl/gwsynthesis/project.vg"
Parsing netlist file "/home/liupeice/Desktop/linux-on-litex-vexriscv/build/sipeed_tang_primer_20k/gateware/impl/gwsynthesis/project.vg" completed
Processing netlist completed
Reading constraint file: "/home/liupeice/Desktop/linux-on-litex-vexriscv/build/sipeed_tang_primer_20k/gateware/sipeed_tang_primer_20k.cst"
Physical Constraint parsed completed
Running placement......
[10%] Placement Phase 0 completed
[20%] Placement Phase 1 completed
[30%] Placement Phase 2 completed
[50%] Placement Phase 3 completed
Running routing......
[60%] Routing Phase 0 completed
[70%] Routing Phase 1 completed
[80%] Routing Phase 2 completed
[90%] Routing Phase 3 completed
Running timing analysis......
[95%] Timing analysis completed
Placement and routing completed
Bitstream generation in progress......
Bitstream generation completed
Running power analysis......
[100%] Power analysis completed
Generate file "/home/liupeice/Desktop/linux-on-litex-vexriscv/build/sipeed_tang_primer_20k/gateware/impl/pnr/project.power.html" completed
Generate file "/home/liupeice/Desktop/linux-on-litex-vexriscv/build/sipeed_tang_primer_20k/gateware/impl/pnr/project.pin.html" completed
Generate file "/home/liupeice/Desktop/linux-on-litex-vexriscv/build/sipeed_tang_primer_20k/gateware/impl/pnr/project.rpt.html" completed
Generate file "/home/liupeice/Desktop/linux-on-litex-vexriscv/build/sipeed_tang_primer_20k/gateware/impl/pnr/project.rpt.txt" completed
Generate file "/home/liupeice/Desktop/linux-on-litex-vexriscv/build/sipeed_tang_primer_20k/gateware/impl/pnr/project.tr.html" completed
Thu Nov  9 00:10:03 2023

