GowinSynthesis start
Running parser ...
Analyzing Verilog file '/home/liupeice/Desktop/pythondata-cpu-vexriscv-smp/pythondata_cpu_vexriscv_smp/verilog/Ram_1w_1rs_Generic.v'
Analyzing Verilog file '/home/liupeice/Desktop/pythondata-cpu-vexriscv-smp/pythondata_cpu_vexriscv_smp/verilog/VexRiscvLitexSmpCluster_Cc1_Iw32Is4096Iy1_Dw32Ds4096Dy1_ITs4DTs4_Ood_Wm_Hb1_Rvc.v'
Analyzing Verilog file '/home/liupeice/Desktop/linux-on-litex-vexriscv/build/sipeed_tang_primer_20k/gateware/sipeed_tang_primer_20k.v'
Compiling module 'sipeed_tang_primer_20k'("/home/liupeice/Desktop/linux-on-litex-vexriscv/build/sipeed_tang_primer_20k/gateware/sipeed_tang_primer_20k.v":21)
WARN  (EX3780) : Using initial value of 'builder_soclinux_locked0' since it is never assigned("/home/liupeice/Desktop/linux-on-litex-vexriscv/build/sipeed_tang_primer_20k/gateware/sipeed_tang_primer_20k.v":396)
WARN  (EX3780) : Using initial value of 'builder_soclinux_locked1' since it is never assigned("/home/liupeice/Desktop/linux-on-litex-vexriscv/build/sipeed_tang_primer_20k/gateware/sipeed_tang_primer_20k.v":397)
WARN  (EX3780) : Using initial value of 'builder_soclinux_locked2' since it is never assigned("/home/liupeice/Desktop/linux-on-litex-vexriscv/build/sipeed_tang_primer_20k/gateware/sipeed_tang_primer_20k.v":398)
WARN  (EX3780) : Using initial value of 'builder_soclinux_locked3' since it is never assigned("/home/liupeice/Desktop/linux-on-litex-vexriscv/build/sipeed_tang_primer_20k/gateware/sipeed_tang_primer_20k.v":399)
WARN  (EX3780) : Using initial value of 'builder_soclinux_locked4' since it is never assigned("/home/liupeice/Desktop/linux-on-litex-vexriscv/build/sipeed_tang_primer_20k/gateware/sipeed_tang_primer_20k.v":400)
WARN  (EX3780) : Using initial value of 'builder_soclinux_locked5' since it is never assigned("/home/liupeice/Desktop/linux-on-litex-vexriscv/build/sipeed_tang_primer_20k/gateware/sipeed_tang_primer_20k.v":401)
WARN  (EX3780) : Using initial value of 'builder_soclinux_locked6' since it is never assigned("/home/liupeice/Desktop/linux-on-litex-vexriscv/build/sipeed_tang_primer_20k/gateware/sipeed_tang_primer_20k.v":402)
WARN  (EX3780) : Using initial value of 'builder_soclinux_locked7' since it is never assigned("/home/liupeice/Desktop/linux-on-litex-vexriscv/build/sipeed_tang_primer_20k/gateware/sipeed_tang_primer_20k.v":403)
WARN  (EX3780) : Using initial value of 'builder_soclinux_wishbone_err' since it is never assigned("/home/liupeice/Desktop/linux-on-litex-vexriscv/build/sipeed_tang_primer_20k/gateware/sipeed_tang_primer_20k.v":466)
WARN  (EX3780) : Using initial value of 'gw2ddrphy_burstdet_clr_w' since it is never assigned("/home/liupeice/Desktop/linux-on-litex-vexriscv/build/sipeed_tang_primer_20k/gateware/sipeed_tang_primer_20k.v":623)
WARN  (EX3780) : Using initial value of 'gw2ddrphy_rdly_dq_bitslip_rst_w' since it is never assigned("/home/liupeice/Desktop/linux-on-litex-vexriscv/build/sipeed_tang_primer_20k/gateware/sipeed_tang_primer_20k.v":870)
WARN  (EX3780) : Using initial value of 'gw2ddrphy_rdly_dq_bitslip_w' since it is never assigned("/home/liupeice/Desktop/linux-on-litex-vexriscv/build/sipeed_tang_primer_20k/gateware/sipeed_tang_primer_20k.v":872)
WARN  (EX3780) : Using initial value of 'gw2ddrphy_rdly_dq_inc_w' since it is never assigned("/home/liupeice/Desktop/linux-on-litex-vexriscv/build/sipeed_tang_primer_20k/gateware/sipeed_tang_primer_20k.v":876)
WARN  (EX3780) : Using initial value of 'gw2ddrphy_rdly_dq_rst_w' since it is never assigned("/home/liupeice/Desktop/linux-on-litex-vexriscv/build/sipeed_tang_primer_20k/gateware/sipeed_tang_primer_20k.v":880)
WARN  (EX3780) : Using initial value of 'por_rst' since it is never assigned("/home/liupeice/Desktop/linux-on-litex-vexriscv/build/sipeed_tang_primer_20k/gateware/sipeed_tang_primer_20k.v":908)
WARN  (EX3780) : Using initial value of 'soclinux_clintbus_err' since it is never assigned("/home/liupeice/Desktop/linux-on-litex-vexriscv/build/sipeed_tang_primer_20k/gateware/sipeed_tang_primer_20k.v":925)
WARN  (EX3780) : Using initial value of 'soclinux_jtag_capture' since it is never assigned("/home/liupeice/Desktop/linux-on-litex-vexriscv/build/sipeed_tang_primer_20k/gateware/sipeed_tang_primer_20k.v":961)
WARN  (EX3780) : Using initial value of 'soclinux_jtag_clk' since it is never assigned("/home/liupeice/Desktop/linux-on-litex-vexriscv/build/sipeed_tang_primer_20k/gateware/sipeed_tang_primer_20k.v":962)
WARN  (EX3780) : Using initial value of 'soclinux_jtag_enable' since it is never assigned("/home/liupeice/Desktop/linux-on-litex-vexriscv/build/sipeed_tang_primer_20k/gateware/sipeed_tang_primer_20k.v":963)
WARN  (EX3780) : Using initial value of 'soclinux_jtag_reset' since it is never assigned("/home/liupeice/Desktop/linux-on-litex-vexriscv/build/sipeed_tang_primer_20k/gateware/sipeed_tang_primer_20k.v":964)
WARN  (EX3780) : Using initial value of 'soclinux_jtag_shift' since it is never assigned("/home/liupeice/Desktop/linux-on-litex-vexriscv/build/sipeed_tang_primer_20k/gateware/sipeed_tang_primer_20k.v":965)
WARN  (EX3780) : Using initial value of 'soclinux_jtag_tdi' since it is never assigned("/home/liupeice/Desktop/linux-on-litex-vexriscv/build/sipeed_tang_primer_20k/gateware/sipeed_tang_primer_20k.v":966)
WARN  (EX3780) : Using initial value of 'soclinux_jtag_update' since it is never assigned("/home/liupeice/Desktop/linux-on-litex-vexriscv/build/sipeed_tang_primer_20k/gateware/sipeed_tang_primer_20k.v":968)
WARN  (EX3780) : Using initial value of 'soclinux_plicbus_err' since it is never assigned("/home/liupeice/Desktop/linux-on-litex-vexriscv/build/sipeed_tang_primer_20k/gateware/sipeed_tang_primer_20k.v":1007)
WARN  (EX3780) : Using initial value of 'soclinux_ram_adr_burst' since it is never assigned("/home/liupeice/Desktop/linux-on-litex-vexriscv/build/sipeed_tang_primer_20k/gateware/sipeed_tang_primer_20k.v":1025)
WARN  (EX3780) : Using initial value of 'soclinux_ram_bus_ram_bus_err' since it is never assigned("/home/liupeice/Desktop/linux-on-litex-vexriscv/build/sipeed_tang_primer_20k/gateware/sipeed_tang_primer_20k.v":1033)
WARN  (EX3780) : Using initial value of 'soclinux_rx_source_first' since it is never assigned("/home/liupeice/Desktop/linux-on-litex-vexriscv/build/sipeed_tang_primer_20k/gateware/sipeed_tang_primer_20k.v":1054)
WARN  (EX3780) : Using initial value of 'soclinux_rx_source_last' since it is never assigned("/home/liupeice/Desktop/linux-on-litex-vexriscv/build/sipeed_tang_primer_20k/gateware/sipeed_tang_primer_20k.v":1055)
WARN  (EX3780) : Using initial value of 'soclinux_sdram_bankmachine0_replace' since it is never assigned("/home/liupeice/Desktop/linux-on-litex-vexriscv/build/sipeed_tang_primer_20k/gateware/sipeed_tang_primer_20k.v":1101)
WARN  (EX3780) : Using initial value of 'soclinux_sdram_bankmachine0_sink_first' since it is never assigned("/home/liupeice/Desktop/linux-on-litex-vexriscv/build/sipeed_tang_primer_20k/gateware/sipeed_tang_primer_20k.v":1115)
WARN  (EX3780) : Using initial value of 'soclinux_sdram_bankmachine0_sink_last' since it is never assigned("/home/liupeice/Desktop/linux-on-litex-vexriscv/build/sipeed_tang_primer_20k/gateware/sipeed_tang_primer_20k.v":1116)
WARN  (EX3780) : Using initial value of 'soclinux_sdram_bankmachine1_replace' since it is never assigned("/home/liupeice/Desktop/linux-on-litex-vexriscv/build/sipeed_tang_primer_20k/gateware/sipeed_tang_primer_20k.v":1197)
WARN  (EX3780) : Using initial value of 'soclinux_sdram_bankmachine1_sink_first' since it is never assigned("/home/liupeice/Desktop/linux-on-litex-vexriscv/build/sipeed_tang_primer_20k/gateware/sipeed_tang_primer_20k.v":1211)
WARN  (EX3780) : Using initial value of 'soclinux_sdram_bankmachine1_sink_last' since it is never assigned("/home/liupeice/Desktop/linux-on-litex-vexriscv/build/sipeed_tang_primer_20k/gateware/sipeed_tang_primer_20k.v":1212)
WARN  (EX3780) : Using initial value of 'soclinux_sdram_bankmachine2_replace' since it is never assigned("/home/liupeice/Desktop/linux-on-litex-vexriscv/build/sipeed_tang_primer_20k/gateware/sipeed_tang_primer_20k.v":1293)
WARN  (EX3780) : Using initial value of 'soclinux_sdram_bankmachine2_sink_first' since it is never assigned("/home/liupeice/Desktop/linux-on-litex-vexriscv/build/sipeed_tang_primer_20k/gateware/sipeed_tang_primer_20k.v":1307)
WARN  (EX3780) : Using initial value of 'soclinux_sdram_bankmachine2_sink_last' since it is never assigned("/home/liupeice/Desktop/linux-on-litex-vexriscv/build/sipeed_tang_primer_20k/gateware/sipeed_tang_primer_20k.v":1308)
WARN  (EX3780) : Using initial value of 'soclinux_sdram_bankmachine3_replace' since it is never assigned("/home/liupeice/Desktop/linux-on-litex-vexriscv/build/sipeed_tang_primer_20k/gateware/sipeed_tang_primer_20k.v":1389)
WARN  (EX3780) : Using initial value of 'soclinux_sdram_bankmachine3_sink_first' since it is never assigned("/home/liupeice/Desktop/linux-on-litex-vexriscv/build/sipeed_tang_primer_20k/gateware/sipeed_tang_primer_20k.v":1403)
WARN  (EX3780) : Using initial value of 'soclinux_sdram_bankmachine3_sink_last' since it is never assigned("/home/liupeice/Desktop/linux-on-litex-vexriscv/build/sipeed_tang_primer_20k/gateware/sipeed_tang_primer_20k.v":1404)
WARN  (EX3780) : Using initial value of 'soclinux_sdram_bankmachine4_replace' since it is never assigned("/home/liupeice/Desktop/linux-on-litex-vexriscv/build/sipeed_tang_primer_20k/gateware/sipeed_tang_primer_20k.v":1485)
WARN  (EX3780) : Using initial value of 'soclinux_sdram_bankmachine4_sink_first' since it is never assigned("/home/liupeice/Desktop/linux-on-litex-vexriscv/build/sipeed_tang_primer_20k/gateware/sipeed_tang_primer_20k.v":1499)
WARN  (EX3780) : Using initial value of 'soclinux_sdram_bankmachine4_sink_last' since it is never assigned("/home/liupeice/Desktop/linux-on-litex-vexriscv/build/sipeed_tang_primer_20k/gateware/sipeed_tang_primer_20k.v":1500)
WARN  (EX3780) : Using initial value of 'soclinux_sdram_bankmachine5_replace' since it is never assigned("/home/liupeice/Desktop/linux-on-litex-vexriscv/build/sipeed_tang_primer_20k/gateware/sipeed_tang_primer_20k.v":1581)
WARN  (EX3780) : Using initial value of 'soclinux_sdram_bankmachine5_sink_first' since it is never assigned("/home/liupeice/Desktop/linux-on-litex-vexriscv/build/sipeed_tang_primer_20k/gateware/sipeed_tang_primer_20k.v":1595)
WARN  (EX3780) : Using initial value of 'soclinux_sdram_bankmachine5_sink_last' since it is never assigned("/home/liupeice/Desktop/linux-on-litex-vexriscv/build/sipeed_tang_primer_20k/gateware/sipeed_tang_primer_20k.v":1596)
WARN  (EX3780) : Using initial value of 'soclinux_sdram_bankmachine6_replace' since it is never assigned("/home/liupeice/Desktop/linux-on-litex-vexriscv/build/sipeed_tang_primer_20k/gateware/sipeed_tang_primer_20k.v":1677)
WARN  (EX3780) : Using initial value of 'soclinux_sdram_bankmachine6_sink_first' since it is never assigned("/home/liupeice/Desktop/linux-on-litex-vexriscv/build/sipeed_tang_primer_20k/gateware/sipeed_tang_primer_20k.v":1691)
WARN  (EX3780) : Using initial value of 'soclinux_sdram_bankmachine6_sink_last' since it is never assigned("/home/liupeice/Desktop/linux-on-litex-vexriscv/build/sipeed_tang_primer_20k/gateware/sipeed_tang_primer_20k.v":1692)
WARN  (EX3780) : Using initial value of 'soclinux_sdram_bankmachine7_replace' since it is never assigned("/home/liupeice/Desktop/linux-on-litex-vexriscv/build/sipeed_tang_primer_20k/gateware/sipeed_tang_primer_20k.v":1773)
WARN  (EX3780) : Using initial value of 'soclinux_sdram_bankmachine7_sink_first' since it is never assigned("/home/liupeice/Desktop/linux-on-litex-vexriscv/build/sipeed_tang_primer_20k/gateware/sipeed_tang_primer_20k.v":1787)
WARN  (EX3780) : Using initial value of 'soclinux_sdram_bankmachine7_sink_last' since it is never assigned("/home/liupeice/Desktop/linux-on-litex-vexriscv/build/sipeed_tang_primer_20k/gateware/sipeed_tang_primer_20k.v":1788)
WARN  (EX3780) : Using initial value of 'soclinux_sdram_choose_cmd_want_cmds' since it is never assigned("/home/liupeice/Desktop/linux-on-litex-vexriscv/build/sipeed_tang_primer_20k/gateware/sipeed_tang_primer_20k.v":1846)
WARN  (EX3780) : Using initial value of 'soclinux_sdram_choose_cmd_want_reads' since it is never assigned("/home/liupeice/Desktop/linux-on-litex-vexriscv/build/sipeed_tang_primer_20k/gateware/sipeed_tang_primer_20k.v":1847)
WARN  (EX3780) : Using initial value of 'soclinux_sdram_choose_cmd_want_writes' since it is never assigned("/home/liupeice/Desktop/linux-on-litex-vexriscv/build/sipeed_tang_primer_20k/gateware/sipeed_tang_primer_20k.v":1848)
WARN  (EX3780) : Using initial value of 'soclinux_sdram_choose_req_want_activates' since it is never assigned("/home/liupeice/Desktop/linux-on-litex-vexriscv/build/sipeed_tang_primer_20k/gateware/sipeed_tang_primer_20k.v":1863)
WARN  (EX3780) : Using initial value of 'soclinux_sdram_choose_req_want_cmds' since it is never assigned("/home/liupeice/Desktop/linux-on-litex-vexriscv/build/sipeed_tang_primer_20k/gateware/sipeed_tang_primer_20k.v":1864)
WARN  (EX3780) : Using initial value of 'soclinux_sdram_cmd_payload_is_read' since it is never assigned("/home/liupeice/Desktop/linux-on-litex-vexriscv/build/sipeed_tang_primer_20k/gateware/sipeed_tang_primer_20k.v":1872)
WARN  (EX3780) : Using initial value of 'soclinux_sdram_cmd_payload_is_write' since it is never assigned("/home/liupeice/Desktop/linux-on-litex-vexriscv/build/sipeed_tang_primer_20k/gateware/sipeed_tang_primer_20k.v":1873)
WARN  (EX3780) : Using initial value of 'soclinux_sdram_csr_dfi_p0_act_n' since it is never assigned("/home/liupeice/Desktop/linux-on-litex-vexriscv/build/sipeed_tang_primer_20k/gateware/sipeed_tang_primer_20k.v":1878)
WARN  (EX3780) : Using initial value of 'soclinux_sdram_csr_dfi_p1_act_n' since it is never assigned("/home/liupeice/Desktop/linux-on-litex-vexriscv/build/sipeed_tang_primer_20k/gateware/sipeed_tang_primer_20k.v":1894)
WARN  (EX3780) : Using initial value of 'soclinux_sdram_dfi_p0_act_n' since it is never assigned("/home/liupeice/Desktop/linux-on-litex-vexriscv/build/sipeed_tang_primer_20k/gateware/sipeed_tang_primer_20k.v":1910)
WARN  (EX3780) : Using initial value of 'soclinux_sdram_dfi_p1_act_n' since it is never assigned("/home/liupeice/Desktop/linux-on-litex-vexriscv/build/sipeed_tang_primer_20k/gateware/sipeed_tang_primer_20k.v":1926)
WARN  (EX3780) : Using initial value of 'soclinux_sdram_ext_dfi_p0_act_n' since it is never assigned("/home/liupeice/Desktop/linux-on-litex-vexriscv/build/sipeed_tang_primer_20k/gateware/sipeed_tang_primer_20k.v":1944)
WARN  (EX3780) : Using initial value of 'soclinux_sdram_ext_dfi_p0_address' since it is never assigned("/home/liupeice/Desktop/linux-on-litex-vexriscv/build/sipeed_tang_primer_20k/gateware/sipeed_tang_primer_20k.v":1945)
WARN  (EX3780) : Using initial value of 'soclinux_sdram_ext_dfi_p0_bank' since it is never assigned("/home/liupeice/Desktop/linux-on-litex-vexriscv/build/sipeed_tang_primer_20k/gateware/sipeed_tang_primer_20k.v":1946)
WARN  (EX3780) : Using initial value of 'soclinux_sdram_ext_dfi_p0_cas_n' since it is never assigned("/home/liupeice/Desktop/linux-on-litex-vexriscv/build/sipeed_tang_primer_20k/gateware/sipeed_tang_primer_20k.v":1947)
WARN  (EX3780) : Using initial value of 'soclinux_sdram_ext_dfi_p0_cke' since it is never assigned("/home/liupeice/Desktop/linux-on-litex-vexriscv/build/sipeed_tang_primer_20k/gateware/sipeed_tang_primer_20k.v":1948)
WARN  (EX3780) : Using initial value of 'soclinux_sdram_ext_dfi_p0_cs_n' since it is never assigned("/home/liupeice/Desktop/linux-on-litex-vexriscv/build/sipeed_tang_primer_20k/gateware/sipeed_tang_primer_20k.v":1949)
WARN  (EX3780) : Using initial value of 'soclinux_sdram_ext_dfi_p0_odt' since it is never assigned("/home/liupeice/Desktop/linux-on-litex-vexriscv/build/sipeed_tang_primer_20k/gateware/sipeed_tang_primer_20k.v":1950)
WARN  (EX3780) : Using initial value of 'soclinux_sdram_ext_dfi_p0_ras_n' since it is never assigned("/home/liupeice/Desktop/linux-on-litex-vexriscv/build/sipeed_tang_primer_20k/gateware/sipeed_tang_primer_20k.v":1951)
WARN  (EX3780) : Using initial value of 'soclinux_sdram_ext_dfi_p0_rddata_en' since it is never assigned("/home/liupeice/Desktop/linux-on-litex-vexriscv/build/sipeed_tang_primer_20k/gateware/sipeed_tang_primer_20k.v":1953)
WARN  (EX3780) : Using initial value of 'soclinux_sdram_ext_dfi_p0_reset_n' since it is never assigned("/home/liupeice/Desktop/linux-on-litex-vexriscv/build/sipeed_tang_primer_20k/gateware/sipeed_tang_primer_20k.v":1955)
WARN  (EX3780) : Using initial value of 'soclinux_sdram_ext_dfi_p0_we_n' since it is never assigned("/home/liupeice/Desktop/linux-on-litex-vexriscv/build/sipeed_tang_primer_20k/gateware/sipeed_tang_primer_20k.v":1956)
WARN  (EX3780) : Using initial value of 'soclinux_sdram_ext_dfi_p0_wrdata' since it is never assigned("/home/liupeice/Desktop/linux-on-litex-vexriscv/build/sipeed_tang_primer_20k/gateware/sipeed_tang_primer_20k.v":1957)
WARN  (EX3780) : Using initial value of 'soclinux_sdram_ext_dfi_p0_wrdata_en' since it is never assigned("/home/liupeice/Desktop/linux-on-litex-vexriscv/build/sipeed_tang_primer_20k/gateware/sipeed_tang_primer_20k.v":1958)
WARN  (EX3780) : Using initial value of 'soclinux_sdram_ext_dfi_p0_wrdata_mask' since it is never assigned("/home/liupeice/Desktop/linux-on-litex-vexriscv/build/sipeed_tang_primer_20k/gateware/sipeed_tang_primer_20k.v":1959)
WARN  (EX3780) : Using initial value of 'soclinux_sdram_ext_dfi_p1_act_n' since it is never assigned("/home/liupeice/Desktop/linux-on-litex-vexriscv/build/sipeed_tang_primer_20k/gateware/sipeed_tang_primer_20k.v":1960)
WARN  (EX3780) : Using initial value of 'soclinux_sdram_ext_dfi_p1_address' since it is never assigned("/home/liupeice/Desktop/linux-on-litex-vexriscv/build/sipeed_tang_primer_20k/gateware/sipeed_tang_primer_20k.v":1961)
WARN  (EX3780) : Using initial value of 'soclinux_sdram_ext_dfi_p1_bank' since it is never assigned("/home/liupeice/Desktop/linux-on-litex-vexriscv/build/sipeed_tang_primer_20k/gateware/sipeed_tang_primer_20k.v":1962)
WARN  (EX3780) : Using initial value of 'soclinux_sdram_ext_dfi_p1_cas_n' since it is never assigned("/home/liupeice/Desktop/linux-on-litex-vexriscv/build/sipeed_tang_primer_20k/gateware/sipeed_tang_primer_20k.v":1963)
WARN  (EX3780) : Using initial value of 'soclinux_sdram_ext_dfi_p1_cke' since it is never assigned("/home/liupeice/Desktop/linux-on-litex-vexriscv/build/sipeed_tang_primer_20k/gateware/sipeed_tang_primer_20k.v":1964)
WARN  (EX3780) : Using initial value of 'soclinux_sdram_ext_dfi_p1_cs_n' since it is never assigned("/home/liupeice/Desktop/linux-on-litex-vexriscv/build/sipeed_tang_primer_20k/gateware/sipeed_tang_primer_20k.v":1965)
WARN  (EX3780) : Using initial value of 'soclinux_sdram_ext_dfi_p1_odt' since it is never assigned("/home/liupeice/Desktop/linux-on-litex-vexriscv/build/sipeed_tang_primer_20k/gateware/sipeed_tang_primer_20k.v":1966)
WARN  (EX3780) : Using initial value of 'soclinux_sdram_ext_dfi_p1_ras_n' since it is never assigned("/home/liupeice/Desktop/linux-on-litex-vexriscv/build/sipeed_tang_primer_20k/gateware/sipeed_tang_primer_20k.v":1967)
WARN  (EX3780) : Using initial value of 'soclinux_sdram_ext_dfi_p1_rddata_en' since it is never assigned("/home/liupeice/Desktop/linux-on-litex-vexriscv/build/sipeed_tang_primer_20k/gateware/sipeed_tang_primer_20k.v":1969)
WARN  (EX3780) : Using initial value of 'soclinux_sdram_ext_dfi_p1_reset_n' since it is never assigned("/home/liupeice/Desktop/linux-on-litex-vexriscv/build/sipeed_tang_primer_20k/gateware/sipeed_tang_primer_20k.v":1971)
WARN  (EX3780) : Using initial value of 'soclinux_sdram_ext_dfi_p1_we_n' since it is never assigned("/home/liupeice/Desktop/linux-on-litex-vexriscv/build/sipeed_tang_primer_20k/gateware/sipeed_tang_primer_20k.v":1972)
WARN  (EX3780) : Using initial value of 'soclinux_sdram_ext_dfi_p1_wrdata' since it is never assigned("/home/liupeice/Desktop/linux-on-litex-vexriscv/build/sipeed_tang_primer_20k/gateware/sipeed_tang_primer_20k.v":1973)
WARN  (EX3780) : Using initial value of 'soclinux_sdram_ext_dfi_p1_wrdata_en' since it is never assigned("/home/liupeice/Desktop/linux-on-litex-vexriscv/build/sipeed_tang_primer_20k/gateware/sipeed_tang_primer_20k.v":1974)
WARN  (EX3780) : Using initial value of 'soclinux_sdram_ext_dfi_p1_wrdata_mask' since it is never assigned("/home/liupeice/Desktop/linux-on-litex-vexriscv/build/sipeed_tang_primer_20k/gateware/sipeed_tang_primer_20k.v":1975)
WARN  (EX3780) : Using initial value of 'soclinux_sdram_ext_dfi_sel' since it is never assigned("/home/liupeice/Desktop/linux-on-litex-vexriscv/build/sipeed_tang_primer_20k/gateware/sipeed_tang_primer_20k.v":1976)
WARN  (EX3780) : Using initial value of 'soclinux_sdram_nop_a' since it is never assigned("/home/liupeice/Desktop/linux-on-litex-vexriscv/build/sipeed_tang_primer_20k/gateware/sipeed_tang_primer_20k.v":2071)
WARN  (EX3780) : Using initial value of 'soclinux_sdram_nop_ba' since it is never assigned("/home/liupeice/Desktop/linux-on-litex-vexriscv/build/sipeed_tang_primer_20k/gateware/sipeed_tang_primer_20k.v":2072)
WARN  (EX3780) : Using initial value of 'soclinux_sdram_phaseinjector0_command_issue_w' since it is never assigned("/home/liupeice/Desktop/linux-on-litex-vexriscv/build/sipeed_tang_primer_20k/gateware/sipeed_tang_primer_20k.v":2080)
WARN  (EX3780) : Using initial value of 'soclinux_sdram_phaseinjector1_command_issue_w' since it is never assigned("/home/liupeice/Desktop/linux-on-litex-vexriscv/build/sipeed_tang_primer_20k/gateware/sipeed_tang_primer_20k.v":2103)
WARN  (EX3780) : Using initial value of 'soclinux_sdram_steerer0' since it is never assigned("/home/liupeice/Desktop/linux-on-litex-vexriscv/build/sipeed_tang_primer_20k/gateware/sipeed_tang_primer_20k.v":2166)
WARN  (EX3780) : Using initial value of 'soclinux_sdram_steerer1' since it is never assigned("/home/liupeice/Desktop/linux-on-litex-vexriscv/build/sipeed_tang_primer_20k/gateware/sipeed_tang_primer_20k.v":2167)
WARN  (EX3780) : Using initial value of 'soclinux_sdram_steerer2' since it is never assigned("/home/liupeice/Desktop/linux-on-litex-vexriscv/build/sipeed_tang_primer_20k/gateware/sipeed_tang_primer_20k.v":2168)
WARN  (EX3780) : Using initial value of 'soclinux_sdram_steerer3' since it is never assigned("/home/liupeice/Desktop/linux-on-litex-vexriscv/build/sipeed_tang_primer_20k/gateware/sipeed_tang_primer_20k.v":2169)
WARN  (EX3780) : Using initial value of 'soclinux_soclinux_adr_burst' since it is never assigned("/home/liupeice/Desktop/linux-on-litex-vexriscv/build/sipeed_tang_primer_20k/gateware/sipeed_tang_primer_20k.v":2209)
WARN  (EX3780) : Using initial value of 'soclinux_soclinux_ram_bus_err' since it is never assigned("/home/liupeice/Desktop/linux-on-litex-vexriscv/build/sipeed_tang_primer_20k/gateware/sipeed_tang_primer_20k.v":2218)
WARN  (EX3780) : Using initial value of 'soclinux_uart_rx_fifo_replace' since it is never assigned("/home/liupeice/Desktop/linux-on-litex-vexriscv/build/sipeed_tang_primer_20k/gateware/sipeed_tang_primer_20k.v":2307)
WARN  (EX3780) : Using initial value of 'soclinux_uart_tx_fifo_replace' since it is never assigned("/home/liupeice/Desktop/linux-on-litex-vexriscv/build/sipeed_tang_primer_20k/gateware/sipeed_tang_primer_20k.v":2365)
WARN  (EX3780) : Using initial value of 'soclinux_uart_tx_fifo_sink_first' since it is never assigned("/home/liupeice/Desktop/linux-on-litex-vexriscv/build/sipeed_tang_primer_20k/gateware/sipeed_tang_primer_20k.v":2366)
WARN  (EX3780) : Using initial value of 'soclinux_uart_tx_fifo_sink_last' since it is never assigned("/home/liupeice/Desktop/linux-on-litex-vexriscv/build/sipeed_tang_primer_20k/gateware/sipeed_tang_primer_20k.v":2367)
WARN  (EX3780) : Using initial value of 'soclinux_wb_sdram_err' since it is never assigned("/home/liupeice/Desktop/linux-on-litex-vexriscv/build/sipeed_tang_primer_20k/gateware/sipeed_tang_primer_20k.v":2413)
Extracting RAM for identifier 'rom'("/home/liupeice/Desktop/linux-on-litex-vexriscv/build/sipeed_tang_primer_20k/gateware/sipeed_tang_primer_20k.v":10075)
Extracting RAM for identifier 'sram'("/home/liupeice/Desktop/linux-on-litex-vexriscv/build/sipeed_tang_primer_20k/gateware/sipeed_tang_primer_20k.v":10090)
Extracting RAM for identifier 'mem'("/home/liupeice/Desktop/linux-on-litex-vexriscv/build/sipeed_tang_primer_20k/gateware/sipeed_tang_primer_20k.v":10113)
Extracting RAM for identifier 'storage'("/home/liupeice/Desktop/linux-on-litex-vexriscv/build/sipeed_tang_primer_20k/gateware/sipeed_tang_primer_20k.v":10129)
Extracting RAM for identifier 'storage_1'("/home/liupeice/Desktop/linux-on-litex-vexriscv/build/sipeed_tang_primer_20k/gateware/sipeed_tang_primer_20k.v":10150)
Extracting RAM for identifier 'storage_2'("/home/liupeice/Desktop/linux-on-litex-vexriscv/build/sipeed_tang_primer_20k/gateware/sipeed_tang_primer_20k.v":11649)
Extracting RAM for identifier 'storage_3'("/home/liupeice/Desktop/linux-on-litex-vexriscv/build/sipeed_tang_primer_20k/gateware/sipeed_tang_primer_20k.v":11667)
Extracting RAM for identifier 'storage_4'("/home/liupeice/Desktop/linux-on-litex-vexriscv/build/sipeed_tang_primer_20k/gateware/sipeed_tang_primer_20k.v":11685)
Extracting RAM for identifier 'storage_5'("/home/liupeice/Desktop/linux-on-litex-vexriscv/build/sipeed_tang_primer_20k/gateware/sipeed_tang_primer_20k.v":11703)
Extracting RAM for identifier 'storage_6'("/home/liupeice/Desktop/linux-on-litex-vexriscv/build/sipeed_tang_primer_20k/gateware/sipeed_tang_primer_20k.v":11721)
Extracting RAM for identifier 'storage_7'("/home/liupeice/Desktop/linux-on-litex-vexriscv/build/sipeed_tang_primer_20k/gateware/sipeed_tang_primer_20k.v":11739)
Extracting RAM for identifier 'storage_8'("/home/liupeice/Desktop/linux-on-litex-vexriscv/build/sipeed_tang_primer_20k/gateware/sipeed_tang_primer_20k.v":11757)
Extracting RAM for identifier 'storage_9'("/home/liupeice/Desktop/linux-on-litex-vexriscv/build/sipeed_tang_primer_20k/gateware/sipeed_tang_primer_20k.v":11775)
Extracting RAM for identifier 'tag_mem'("/home/liupeice/Desktop/linux-on-litex-vexriscv/build/sipeed_tang_primer_20k/gateware/sipeed_tang_primer_20k.v":11792)
Extracting RAM for identifier 'data_mem_grain0'("/home/liupeice/Desktop/linux-on-litex-vexriscv/build/sipeed_tang_primer_20k/gateware/sipeed_tang_primer_20k.v":11888)
Extracting RAM for identifier 'data_mem_grain1'("/home/liupeice/Desktop/linux-on-litex-vexriscv/build/sipeed_tang_primer_20k/gateware/sipeed_tang_primer_20k.v":11902)
Extracting RAM for identifier 'data_mem_grain2'("/home/liupeice/Desktop/linux-on-litex-vexriscv/build/sipeed_tang_primer_20k/gateware/sipeed_tang_primer_20k.v":11916)
Extracting RAM for identifier 'data_mem_grain3'("/home/liupeice/Desktop/linux-on-litex-vexriscv/build/sipeed_tang_primer_20k/gateware/sipeed_tang_primer_20k.v":11930)
Extracting RAM for identifier 'data_mem_grain4'("/home/liupeice/Desktop/linux-on-litex-vexriscv/build/sipeed_tang_primer_20k/gateware/sipeed_tang_primer_20k.v":11944)
Extracting RAM for identifier 'data_mem_grain5'("/home/liupeice/Desktop/linux-on-litex-vexriscv/build/sipeed_tang_primer_20k/gateware/sipeed_tang_primer_20k.v":11958)
Extracting RAM for identifier 'data_mem_grain6'("/home/liupeice/Desktop/linux-on-litex-vexriscv/build/sipeed_tang_primer_20k/gateware/sipeed_tang_primer_20k.v":11972)
Extracting RAM for identifier 'data_mem_grain7'("/home/liupeice/Desktop/linux-on-litex-vexriscv/build/sipeed_tang_primer_20k/gateware/sipeed_tang_primer_20k.v":11986)
Extracting RAM for identifier 'data_mem_grain8'("/home/liupeice/Desktop/linux-on-litex-vexriscv/build/sipeed_tang_primer_20k/gateware/sipeed_tang_primer_20k.v":12000)
Extracting RAM for identifier 'data_mem_grain9'("/home/liupeice/Desktop/linux-on-litex-vexriscv/build/sipeed_tang_primer_20k/gateware/sipeed_tang_primer_20k.v":12014)
Extracting RAM for identifier 'data_mem_grain10'("/home/liupeice/Desktop/linux-on-litex-vexriscv/build/sipeed_tang_primer_20k/gateware/sipeed_tang_primer_20k.v":12028)
Extracting RAM for identifier 'data_mem_grain11'("/home/liupeice/Desktop/linux-on-litex-vexriscv/build/sipeed_tang_primer_20k/gateware/sipeed_tang_primer_20k.v":12042)
Extracting RAM for identifier 'data_mem_grain12'("/home/liupeice/Desktop/linux-on-litex-vexriscv/build/sipeed_tang_primer_20k/gateware/sipeed_tang_primer_20k.v":12056)
Extracting RAM for identifier 'data_mem_grain13'("/home/liupeice/Desktop/linux-on-litex-vexriscv/build/sipeed_tang_primer_20k/gateware/sipeed_tang_primer_20k.v":12070)
Extracting RAM for identifier 'data_mem_grain14'("/home/liupeice/Desktop/linux-on-litex-vexriscv/build/sipeed_tang_primer_20k/gateware/sipeed_tang_primer_20k.v":12084)
Extracting RAM for identifier 'data_mem_grain15'("/home/liupeice/Desktop/linux-on-litex-vexriscv/build/sipeed_tang_primer_20k/gateware/sipeed_tang_primer_20k.v":12098)
WARN  (EX3791) : Expression size 8 truncated to fit in target size 1("/home/liupeice/Desktop/linux-on-litex-vexriscv/build/sipeed_tang_primer_20k/gateware/sipeed_tang_primer_20k.v":2566)
WARN  (EX3791) : Expression size 2 truncated to fit in target size 1("/home/liupeice/Desktop/linux-on-litex-vexriscv/build/sipeed_tang_primer_20k/gateware/sipeed_tang_primer_20k.v":3617)
WARN  (EX3791) : Expression size 2 truncated to fit in target size 1("/home/liupeice/Desktop/linux-on-litex-vexriscv/build/sipeed_tang_primer_20k/gateware/sipeed_tang_primer_20k.v":3648)
WARN  (EX3791) : Expression size 32 truncated to fit in target size 30("/home/liupeice/Desktop/linux-on-litex-vexriscv/build/sipeed_tang_primer_20k/gateware/sipeed_tang_primer_20k.v":5543)
WARN  (EX3791) : Expression size 30 truncated to fit in target size 23("/home/liupeice/Desktop/linux-on-litex-vexriscv/build/sipeed_tang_primer_20k/gateware/sipeed_tang_primer_20k.v":5610)
WARN  (EX3791) : Expression size 30 truncated to fit in target size 14("/home/liupeice/Desktop/linux-on-litex-vexriscv/build/sipeed_tang_primer_20k/gateware/sipeed_tang_primer_20k.v":5767)
WARN  (EX3791) : Expression size 4 truncated to fit in target size 3("/home/liupeice/Desktop/linux-on-litex-vexriscv/build/sipeed_tang_primer_20k/gateware/sipeed_tang_primer_20k.v":9225)
WARN  (EX3791) : Expression size 7 truncated to fit in target size 6("/home/liupeice/Desktop/linux-on-litex-vexriscv/build/sipeed_tang_primer_20k/gateware/sipeed_tang_primer_20k.v":9287)
WARN  (EX3791) : Expression size 9 truncated to fit in target size 8("/home/liupeice/Desktop/linux-on-litex-vexriscv/build/sipeed_tang_primer_20k/gateware/sipeed_tang_primer_20k.v":9322)
WARN  (EX3791) : Expression size 9 truncated to fit in target size 8("/home/liupeice/Desktop/linux-on-litex-vexriscv/build/sipeed_tang_primer_20k/gateware/sipeed_tang_primer_20k.v":9324)
Compiling module 'VexRiscvLitexSmpCluster_Cc1_Iw32Is4096Iy1_Dw32Ds4096Dy1_ITs4DTs4_Ood_Wm_Hb1_Rvc'("/home/liupeice/Desktop/pythondata-cpu-vexriscv-smp/pythondata_cpu_vexriscv_smp/verilog/VexRiscvLitexSmpCluster_Cc1_Iw32Is4096Iy1_Dw32Ds4096Dy1_ITs4DTs4_Ood_Wm_Hb1_Rvc.v":8)
Compiling module 'BufferCC'("/home/liupeice/Desktop/pythondata-cpu-vexriscv-smp/pythondata_cpu_vexriscv_smp/verilog/VexRiscvLitexSmpCluster_Cc1_Iw32Is4096Iy1_Dw32Ds4096Dy1_ITs4DTs4_Ood_Wm_Hb1_Rvc.v":13305)
Compiling module 'BufferCC_1'("/home/liupeice/Desktop/pythondata-cpu-vexriscv-smp/pythondata_cpu_vexriscv_smp/verilog/VexRiscvLitexSmpCluster_Cc1_Iw32Is4096Iy1_Dw32Ds4096Dy1_ITs4DTs4_Ood_Wm_Hb1_Rvc.v":13281)
Compiling module 'JtagBridgeNoTap'("/home/liupeice/Desktop/pythondata-cpu-vexriscv-smp/pythondata_cpu_vexriscv_smp/verilog/VexRiscvLitexSmpCluster_Cc1_Iw32Is4096Iy1_Dw32Ds4096Dy1_ITs4DTs4_Ood_Wm_Hb1_Rvc.v":13070)
Compiling module 'FlowCCByToggle'("/home/liupeice/Desktop/pythondata-cpu-vexriscv-smp/pythondata_cpu_vexriscv_smp/verilog/VexRiscvLitexSmpCluster_Cc1_Iw32Is4096Iy1_Dw32Ds4096Dy1_ITs4DTs4_Ood_Wm_Hb1_Rvc.v":14753)
Compiling module 'BufferCC_3'("/home/liupeice/Desktop/pythondata-cpu-vexriscv-smp/pythondata_cpu_vexriscv_smp/verilog/VexRiscvLitexSmpCluster_Cc1_Iw32Is4096Iy1_Dw32Ds4096Dy1_ITs4DTs4_Ood_Wm_Hb1_Rvc.v":14825)
Compiling module 'SystemDebugger'("/home/liupeice/Desktop/pythondata-cpu-vexriscv-smp/pythondata_cpu_vexriscv_smp/verilog/VexRiscvLitexSmpCluster_Cc1_Iw32Is4096Iy1_Dw32Ds4096Dy1_ITs4DTs4_Ood_Wm_Hb1_Rvc.v":12983)
Compiling module 'BmbClint'("/home/liupeice/Desktop/pythondata-cpu-vexriscv-smp/pythondata_cpu_vexriscv_smp/verilog/VexRiscvLitexSmpCluster_Cc1_Iw32Is4096Iy1_Dw32Ds4096Dy1_ITs4DTs4_Ood_Wm_Hb1_Rvc.v":12731)
Compiling module 'VexRiscv'("/home/liupeice/Desktop/pythondata-cpu-vexriscv-smp/pythondata_cpu_vexriscv_smp/verilog/VexRiscvLitexSmpCluster_Cc1_Iw32Is4096Iy1_Dw32Ds4096Dy1_ITs4DTs4_Ood_Wm_Hb1_Rvc.v":5166)
Extracting RAM for identifier 'RegFilePlugin_regFile'("/home/liupeice/Desktop/pythondata-cpu-vexriscv-smp/pythondata_cpu_vexriscv_smp/verilog/VexRiscvLitexSmpCluster_Cc1_Iw32Is4096Iy1_Dw32Ds4096Dy1_ITs4DTs4_Ood_Wm_Hb1_Rvc.v":7026)
Compiling module 'InstructionCache'("/home/liupeice/Desktop/pythondata-cpu-vexriscv-smp/pythondata_cpu_vexriscv_smp/verilog/VexRiscvLitexSmpCluster_Cc1_Iw32Is4096Iy1_Dw32Ds4096Dy1_ITs4DTs4_Ood_Wm_Hb1_Rvc.v":14431)
Extracting RAM for identifier 'banks_0'("/home/liupeice/Desktop/pythondata-cpu-vexriscv-smp/pythondata_cpu_vexriscv_smp/verilog/VexRiscvLitexSmpCluster_Cc1_Iw32Is4096Iy1_Dw32Ds4096Dy1_ITs4DTs4_Ood_Wm_Hb1_Rvc.v":14553)
Extracting RAM for identifier 'ways_0_tags'("/home/liupeice/Desktop/pythondata-cpu-vexriscv-smp/pythondata_cpu_vexriscv_smp/verilog/VexRiscvLitexSmpCluster_Cc1_Iw32Is4096Iy1_Dw32Ds4096Dy1_ITs4DTs4_Ood_Wm_Hb1_Rvc.v":14554)
Compiling module 'DataCache'("/home/liupeice/Desktop/pythondata-cpu-vexriscv-smp/pythondata_cpu_vexriscv_smp/verilog/VexRiscvLitexSmpCluster_Cc1_Iw32Is4096Iy1_Dw32Ds4096Dy1_ITs4DTs4_Ood_Wm_Hb1_Rvc.v":13433)
Extracting RAM for identifier 'ways_0_tags'("/home/liupeice/Desktop/pythondata-cpu-vexriscv-smp/pythondata_cpu_vexriscv_smp/verilog/VexRiscvLitexSmpCluster_Cc1_Iw32Is4096Iy1_Dw32Ds4096Dy1_ITs4DTs4_Ood_Wm_Hb1_Rvc.v":13691)
Compiling module 'Ram_1w_1rs(wordCount=1024,wordWidth=32,wrAddressWidth=10,wrDataWidth=32,wrMaskWidth=4,wrMaskEnable=1'b1,rdAddressWidth=10,rdDataWidth=32)'("/home/liupeice/Desktop/pythondata-cpu-vexriscv-smp/pythondata_cpu_vexriscv_smp/verilog/Ram_1w_1rs_Generic.v":2)
Extracting RAM for identifier 'ram_block'("/home/liupeice/Desktop/pythondata-cpu-vexriscv-smp/pythondata_cpu_vexriscv_smp/verilog/Ram_1w_1rs_Generic.v":26)
WARN  (EX1998) : Net 'IBusCachedPlugin_cache_io_cpu_fetch_isRemoved' does not have a driver("/home/liupeice/Desktop/pythondata-cpu-vexriscv-smp/pythondata_cpu_vexriscv_smp/verilog/VexRiscvLitexSmpCluster_Cc1_Iw32Is4096Iy1_Dw32Ds4096Dy1_ITs4DTs4_Ood_Wm_Hb1_Rvc.v":5240)
WARN  (EX1998) : Net 'dataCache_1_io_cpu_writeBack_fence_SW' does not have a driver("/home/liupeice/Desktop/pythondata-cpu-vexriscv-smp/pythondata_cpu_vexriscv_smp/verilog/VexRiscvLitexSmpCluster_Cc1_Iw32Is4096Iy1_Dw32Ds4096Dy1_ITs4DTs4_Ood_Wm_Hb1_Rvc.v":5258)
WARN  (EX1998) : Net 'dataCache_1_io_cpu_writeBack_fence_SR' does not have a driver("/home/liupeice/Desktop/pythondata-cpu-vexriscv-smp/pythondata_cpu_vexriscv_smp/verilog/VexRiscvLitexSmpCluster_Cc1_Iw32Is4096Iy1_Dw32Ds4096Dy1_ITs4DTs4_Ood_Wm_Hb1_Rvc.v":5259)
WARN  (EX1998) : Net 'dataCache_1_io_cpu_writeBack_fence_SO' does not have a driver("/home/liupeice/Desktop/pythondata-cpu-vexriscv-smp/pythondata_cpu_vexriscv_smp/verilog/VexRiscvLitexSmpCluster_Cc1_Iw32Is4096Iy1_Dw32Ds4096Dy1_ITs4DTs4_Ood_Wm_Hb1_Rvc.v":5260)
WARN  (EX1998) : Net 'dataCache_1_io_cpu_writeBack_fence_SI' does not have a driver("/home/liupeice/Desktop/pythondata-cpu-vexriscv-smp/pythondata_cpu_vexriscv_smp/verilog/VexRiscvLitexSmpCluster_Cc1_Iw32Is4096Iy1_Dw32Ds4096Dy1_ITs4DTs4_Ood_Wm_Hb1_Rvc.v":5261)
WARN  (EX1998) : Net 'dataCache_1_io_cpu_writeBack_fence_PW' does not have a driver("/home/liupeice/Desktop/pythondata-cpu-vexriscv-smp/pythondata_cpu_vexriscv_smp/verilog/VexRiscvLitexSmpCluster_Cc1_Iw32Is4096Iy1_Dw32Ds4096Dy1_ITs4DTs4_Ood_Wm_Hb1_Rvc.v":5262)
WARN  (EX1998) : Net 'dataCache_1_io_cpu_writeBack_fence_PR' does not have a driver("/home/liupeice/Desktop/pythondata-cpu-vexriscv-smp/pythondata_cpu_vexriscv_smp/verilog/VexRiscvLitexSmpCluster_Cc1_Iw32Is4096Iy1_Dw32Ds4096Dy1_ITs4DTs4_Ood_Wm_Hb1_Rvc.v":5263)
WARN  (EX1998) : Net 'dataCache_1_io_cpu_writeBack_fence_PO' does not have a driver("/home/liupeice/Desktop/pythondata-cpu-vexriscv-smp/pythondata_cpu_vexriscv_smp/verilog/VexRiscvLitexSmpCluster_Cc1_Iw32Is4096Iy1_Dw32Ds4096Dy1_ITs4DTs4_Ood_Wm_Hb1_Rvc.v":5264)
WARN  (EX1998) : Net 'dataCache_1_io_cpu_writeBack_fence_PI' does not have a driver("/home/liupeice/Desktop/pythondata-cpu-vexriscv-smp/pythondata_cpu_vexriscv_smp/verilog/VexRiscvLitexSmpCluster_Cc1_Iw32Is4096Iy1_Dw32Ds4096Dy1_ITs4DTs4_Ood_Wm_Hb1_Rvc.v":5265)
WARN  (EX1998) : Net 'dataCache_1_io_cpu_writeBack_fence_FM[3]' does not have a driver("/home/liupeice/Desktop/pythondata-cpu-vexriscv-smp/pythondata_cpu_vexriscv_smp/verilog/VexRiscvLitexSmpCluster_Cc1_Iw32Is4096Iy1_Dw32Ds4096Dy1_ITs4DTs4_Ood_Wm_Hb1_Rvc.v":5266)
WARN  (EX1998) : Net 'IBusCachedPlugin_iBusRsp_output_payload_rsp_error' does not have a driver("/home/liupeice/Desktop/pythondata-cpu-vexriscv-smp/pythondata_cpu_vexriscv_smp/verilog/VexRiscvLitexSmpCluster_Cc1_Iw32Is4096Iy1_Dw32Ds4096Dy1_ITs4DTs4_Ood_Wm_Hb1_Rvc.v":6229)
WARN  (EX1998) : Net 'IBusCachedPlugin_iBusRsp_output_payload_isRvc' does not have a driver("/home/liupeice/Desktop/pythondata-cpu-vexriscv-smp/pythondata_cpu_vexriscv_smp/verilog/VexRiscvLitexSmpCluster_Cc1_Iw32Is4096Iy1_Dw32Ds4096Dy1_ITs4DTs4_Ood_Wm_Hb1_Rvc.v":6231)
WARN  (EX1998) : Net 'IBusCachedPlugin_decompressor_output_payload_rsp_error' does not have a driver("/home/liupeice/Desktop/pythondata-cpu-vexriscv-smp/pythondata_cpu_vexriscv_smp/verilog/VexRiscvLitexSmpCluster_Cc1_Iw32Is4096Iy1_Dw32Ds4096Dy1_ITs4DTs4_Ood_Wm_Hb1_Rvc.v":6242)
WARN  (EX1998) : Net 'CsrPlugin_mtvec_mode[1]' does not have a driver("/home/liupeice/Desktop/pythondata-cpu-vexriscv-smp/pythondata_cpu_vexriscv_smp/verilog/VexRiscvLitexSmpCluster_Cc1_Iw32Is4096Iy1_Dw32Ds4096Dy1_ITs4DTs4_Ood_Wm_Hb1_Rvc.v":6516)
WARN  (EX1998) : Net 'CsrPlugin_stvec_mode[1]' does not have a driver("/home/liupeice/Desktop/pythondata-cpu-vexriscv-smp/pythondata_cpu_vexriscv_smp/verilog/VexRiscvLitexSmpCluster_Cc1_Iw32Is4096Iy1_Dw32Ds4096Dy1_ITs4DTs4_Ood_Wm_Hb1_Rvc.v":6567)
Compiling module 'BufferCC_2'("/home/liupeice/Desktop/pythondata-cpu-vexriscv-smp/pythondata_cpu_vexriscv_smp/verilog/VexRiscvLitexSmpCluster_Cc1_Iw32Is4096Iy1_Dw32Ds4096Dy1_ITs4DTs4_Ood_Wm_Hb1_Rvc.v":5142)
Compiling module 'WishboneToBmb'("/home/liupeice/Desktop/pythondata-cpu-vexriscv-smp/pythondata_cpu_vexriscv_smp/verilog/VexRiscvLitexSmpCluster_Cc1_Iw32Is4096Iy1_Dw32Ds4096Dy1_ITs4DTs4_Ood_Wm_Hb1_Rvc.v":5085)
Compiling module 'WishboneToBmb_1'("/home/liupeice/Desktop/pythondata-cpu-vexriscv-smp/pythondata_cpu_vexriscv_smp/verilog/VexRiscvLitexSmpCluster_Cc1_Iw32Is4096Iy1_Dw32Ds4096Dy1_ITs4DTs4_Ood_Wm_Hb1_Rvc.v":5028)
Compiling module 'BmbDecoder'("/home/liupeice/Desktop/pythondata-cpu-vexriscv-smp/pythondata_cpu_vexriscv_smp/verilog/VexRiscvLitexSmpCluster_Cc1_Iw32Is4096Iy1_Dw32Ds4096Dy1_ITs4DTs4_Ood_Wm_Hb1_Rvc.v":4874)
Compiling module 'BmbDecoder_1'("/home/liupeice/Desktop/pythondata-cpu-vexriscv-smp/pythondata_cpu_vexriscv_smp/verilog/VexRiscvLitexSmpCluster_Cc1_Iw32Is4096Iy1_Dw32Ds4096Dy1_ITs4DTs4_Ood_Wm_Hb1_Rvc.v":4834)
Compiling module 'BmbToWishbone'("/home/liupeice/Desktop/pythondata-cpu-vexriscv-smp/pythondata_cpu_vexriscv_smp/verilog/VexRiscvLitexSmpCluster_Cc1_Iw32Is4096Iy1_Dw32Ds4096Dy1_ITs4DTs4_Ood_Wm_Hb1_Rvc.v":4610)
Compiling module 'BmbArbiter'("/home/liupeice/Desktop/pythondata-cpu-vexriscv-smp/pythondata_cpu_vexriscv_smp/verilog/VexRiscvLitexSmpCluster_Cc1_Iw32Is4096Iy1_Dw32Ds4096Dy1_ITs4DTs4_Ood_Wm_Hb1_Rvc.v":4468)
Compiling module 'StreamArbiter'("/home/liupeice/Desktop/pythondata-cpu-vexriscv-smp/pythondata_cpu_vexriscv_smp/verilog/VexRiscvLitexSmpCluster_Cc1_Iw32Is4096Iy1_Dw32Ds4096Dy1_ITs4DTs4_Ood_Wm_Hb1_Rvc.v":13329)
WARN  (EX3670) : Actual bit length 30 differs from formal bit length 14 for port 'clintWishbone_ADR'("/home/liupeice/Desktop/linux-on-litex-vexriscv/build/sipeed_tang_primer_20k/gateware/sipeed_tang_primer_20k.v":11846)
WARN  (EX3670) : Actual bit length 30 differs from formal bit length 20 for port 'plicWishbone_ADR'("/home/liupeice/Desktop/linux-on-litex-vexriscv/build/sipeed_tang_primer_20k/gateware/sipeed_tang_primer_20k.v":11864)
NOTE  (EX0101) : Current top module is "sipeed_tang_primer_20k"
WARN  (EX0211) : The output port "io_cpu_writesPending" of module "DataCache" has no driver, assigning undriven bits to Z, simulation mismatch possible("/home/liupeice/Desktop/pythondata-cpu-vexriscv-smp/pythondata_cpu_vexriscv_smp/verilog/VexRiscvLitexSmpCluster_Cc1_Iw32Is4096Iy1_Dw32Ds4096Dy1_ITs4DTs4_Ood_Wm_Hb1_Rvc.v":13494)
[5%] Running netlist conversion ...
Running device independent optimization ...
[10%] Optimizing Phase 0 completed
[15%] Optimizing Phase 1 completed
[25%] Optimizing Phase 2 completed
Running inference ...
[30%] Inferring Phase 0 completed
[40%] Inferring Phase 1 completed
[50%] Inferring Phase 2 completed
[55%] Inferring Phase 3 completed
Running technical mapping ...
[60%] Tech-Mapping Phase 0 completed
[65%] Tech-Mapping Phase 1 completed
[75%] Tech-Mapping Phase 2 completed
[80%] Tech-Mapping Phase 3 completed
[90%] Tech-Mapping Phase 4 completed
WARN  (NL0002) : The module "BufferCC_2" instantiated to "bufferCC_6" is swept in optimizing("/home/liupeice/Desktop/pythondata-cpu-vexriscv-smp/pythondata_cpu_vexriscv_smp/verilog/VexRiscvLitexSmpCluster_Cc1_Iw32Is4096Iy1_Dw32Ds4096Dy1_ITs4DTs4_Ood_Wm_Hb1_Rvc.v":1639)
WARN  (NL0002) : The module "BmbDecoder" instantiated to "customDebug_debugBridge_bmb_decoder" is swept in optimizing("/home/liupeice/Desktop/pythondata-cpu-vexriscv-smp/pythondata_cpu_vexriscv_smp/verilog/VexRiscvLitexSmpCluster_Cc1_Iw32Is4096Iy1_Dw32Ds4096Dy1_ITs4DTs4_Ood_Wm_Hb1_Rvc.v":1717)
WARN  (NL0002) : The module "SystemDebugger" instantiated to "customDebug_debugBridge_logic_debugger" is swept in optimizing("/home/liupeice/Desktop/pythondata-cpu-vexriscv-smp/pythondata_cpu_vexriscv_smp/verilog/VexRiscvLitexSmpCluster_Cc1_Iw32Is4096Iy1_Dw32Ds4096Dy1_ITs4DTs4_Ood_Wm_Hb1_Rvc.v":1575)
WARN  (NL0002) : The module "JtagBridgeNoTap" instantiated to "customDebug_debugBridge_logic_jtagBridge" is swept in optimizing("/home/liupeice/Desktop/pythondata-cpu-vexriscv-smp/pythondata_cpu_vexriscv_smp/verilog/VexRiscvLitexSmpCluster_Cc1_Iw32Is4096Iy1_Dw32Ds4096Dy1_ITs4DTs4_Ood_Wm_Hb1_Rvc.v":1555)
WARN  (NL0002) : The module "FlowCCByToggle" instantiated to "flowCCByToggle_1" is swept in optimizing("/home/liupeice/Desktop/pythondata-cpu-vexriscv-smp/pythondata_cpu_vexriscv_smp/verilog/VexRiscvLitexSmpCluster_Cc1_Iw32Is4096Iy1_Dw32Ds4096Dy1_ITs4DTs4_Ood_Wm_Hb1_Rvc.v":13154)
WARN  (NL0002) : The module "BufferCC_3" instantiated to "inputArea_target_buffercc" is swept in optimizing("/home/liupeice/Desktop/pythondata-cpu-vexriscv-smp/pythondata_cpu_vexriscv_smp/verilog/VexRiscvLitexSmpCluster_Cc1_Iw32Is4096Iy1_Dw32Ds4096Dy1_ITs4DTs4_Ood_Wm_Hb1_Rvc.v":14783)
WARN  (NL0002) : The module "BmbDecoder_1" instantiated to "iArbiter_bmb_decoder" is swept in optimizing("/home/liupeice/Desktop/pythondata-cpu-vexriscv-smp/pythondata_cpu_vexriscv_smp/verilog/VexRiscvLitexSmpCluster_Cc1_Iw32Is4096Iy1_Dw32Ds4096Dy1_ITs4DTs4_Ood_Wm_Hb1_Rvc.v":1741)
[95%] Generate netlist file "/home/liupeice/Desktop/linux-on-litex-vexriscv/build/sipeed_tang_primer_20k/gateware/impl/gwsynthesis/project.vg" completed
[100%] Generate report file "/home/liupeice/Desktop/linux-on-litex-vexriscv/build/sipeed_tang_primer_20k/gateware/impl/gwsynthesis/project_syn.rpt.html" completed
GowinSynthesis finish
